DEBUG main org.springframework.beans.factory.support.DefaultListableBeanFactory - Invoking afterPropertiesSet() on bean with name 'baseDAO'
DEBUG main org.springframework.beans.factory.support.DefaultListableBeanFactory - Returning cached instance of singleton bean 'org.springframework.aop.support.DefaultBeanFactoryPointcutAdvisor#0'
DEBUG main org.springframework.beans.factory.support.DefaultListableBeanFactory - Returning cached instance of singleton bean 'org.springframework.cache.config.internalCacheAdvisor'
DEBUG main org.springframework.beans.factory.support.DefaultListableBeanFactory - Returning cached instance of singleton bean 'org.springframework.aop.support.DefaultBeanFactoryPointcutAdvisor#0'
DEBUG main org.springframework.beans.factory.support.DefaultListableBeanFactory - Returning cached instance of singleton bean 'org.springframework.cache.config.internalCacheAdvisor'
DEBUG main org.springframework.beans.factory.support.DefaultListableBeanFactory - Finished creating instance of bean 'baseDAO'
DEBUG main org.springframework.beans.factory.support.DefaultListableBeanFactory - Returning cached instance of singleton bean 'activeCodeDAO'
DEBUG main org.springframework.beans.factory.support.DefaultListableBeanFactory - Returning cached instance of singleton bean 'activeStoreDAO'
DEBUG main org.springframework.beans.factory.support.DefaultListableBeanFactory - Returning cached instance of singleton bean 'advertDAO'
DEBUG main org.springframework.beans.factory.support.DefaultListableBeanFactory - Returning cached instance of singleton bean 'appAttentionDAO'
DEBUG main org.springframework.beans.factory.support.DefaultListableBeanFactory - Returning cached instance of singleton bean 'appDoctorDAO'
DEBUG main org.springframework.beans.factory.support.DefaultListableBeanFactory - Returning cached instance of singleton bean 'appLogDAO'
DEBUG main org.springframework.beans.factory.support.DefaultListableBeanFactory - Returning cached instance of singleton bean 'appMenuDAO'
DEBUG main org.springframework.beans.factory.support.DefaultListableBeanFactory - Returning cached instance of singleton bean 'appRoleDAO'
DEBUG main org.springframework.beans.factory.support.DefaultListableBeanFactory - Returning cached instance of singleton bean 'appRoleMenuDAO'
DEBUG main org.springframework.beans.factory.support.DefaultListableBeanFactory - Returning cached instance of singleton bean 'appUnitDAO'
DEBUG main org.springframework.beans.factory.support.DefaultListableBeanFactory - Returning cached instance of singleton bean 'appUserDAO'
DEBUG main org.springframework.beans.factory.support.DefaultListableBeanFactory - Returning cached instance of singleton bean 'appUserRoleDAO'
DEBUG main org.springframework.beans.factory.support.DefaultListableBeanFactory - Returning cached instance of singleton bean 'appVersionDAO'
DEBUG main org.springframework.beans.factory.support.DefaultListableBeanFactory - Returning cached instance of singleton bean 'bannerDAO'
DEBUG main org.springframework.beans.factory.support.DefaultListableBeanFactory - Returning cached instance of singleton bean 'departmentDAO'
DEBUG main org.springframework.beans.factory.support.DefaultListableBeanFactory - Returning cached instance of singleton bean 'groupDAO'
DEBUG main org.springframework.beans.factory.support.DefaultListableBeanFactory - Returning cached instance of singleton bean 'hospitalDAO'
DEBUG main org.springframework.beans.factory.support.DefaultListableBeanFactory - Returning cached instance of singleton bean 'materialDAO'
DEBUG main org.springframework.beans.factory.support.DefaultListableBeanFactory - Returning cached instance of singleton bean 'pubUserDocGroupDAO'
DEBUG main org.springframework.beans.factory.support.DefaultListableBeanFactory - Returning cached instance of singleton bean 'rechargeOrderDAO'
DEBUG main org.springframework.beans.factory.support.DefaultListableBeanFactory - Returning cached instance of singleton bean 'creditsDAO'
DEBUG main org.springframework.beans.factory.support.DefaultListableBeanFactory - Returning cached instance of singleton bean 'goodsDAO'
DEBUG main org.springframework.beans.factory.support.DefaultListableBeanFactory - Returning cached instance of singleton bean 'orderDAO'
DEBUG main org.springframework.beans.factory.support.DefaultListableBeanFactory - Returning cached instance of singleton bean 'tradeDetailDAO'
DEBUG main org.springframework.beans.factory.support.DefaultListableBeanFactory - Returning cached instance of singleton bean 'sysMenuDAO'
DEBUG main org.springframework.beans.factory.support.DefaultListableBeanFactory - Returning cached instance of singleton bean 'sysPropertiesDAO'
DEBUG main org.springframework.beans.factory.support.DefaultListableBeanFactory - Returning cached instance of singleton bean 'systemRegionDAO'
DEBUG main org.springframework.beans.factory.support.DefaultListableBeanFactory - Returning cached instance of singleton bean 'systemRoleDAO'
DEBUG main org.springframework.beans.factory.support.DefaultListableBeanFactory - Returning cached instance of singleton bean 'systemRoleMenuDAO'
DEBUG main org.springframework.beans.factory.support.DefaultListableBeanFactory - Returning cached instance of singleton bean 'systemUserDAO'
DEBUG main org.springframework.beans.factory.support.DefaultListableBeanFactory - Returning cached instance of singleton bean 'audioCourseDAO'
DEBUG main org.springframework.beans.factory.support.DefaultListableBeanFactory - Returning cached instance of singleton bean 'audioCourseDetailDAO'
DEBUG main org.springframework.beans.factory.support.DefaultListableBeanFactory - Returning cached instance of singleton bean 'audioHistoryDAO'
DEBUG main org.springframework.beans.factory.support.DefaultListableBeanFactory - Returning cached instance of singleton bean 'examHistoryDAO'
DEBUG main org.springframework.beans.factory.support.DefaultListableBeanFactory - Returning cached instance of singleton bean 'examHistoryItemDAO'
DEBUG main org.springframework.beans.factory.support.DefaultListableBeanFactory - Returning cached instance of singleton bean 'examPaperDAO'
DEBUG main org.springframework.beans.factory.support.DefaultListableBeanFactory - Returning cached instance of singleton bean 'examPaperQuestionDAO'
DEBUG main org.springframework.beans.factory.support.DefaultListableBeanFactory - Returning cached instance of singleton bean 'examQuestionDAO'
DEBUG main org.springframework.beans.factory.support.DefaultListableBeanFactory - Returning cached instance of singleton bean 'jpushMessageDAO'
DEBUG main org.springframework.beans.factory.support.DefaultListableBeanFactory - Returning cached instance of singleton bean 'jpushMessageHistoryDAO'
DEBUG main org.springframework.beans.factory.support.DefaultListableBeanFactory - Returning cached instance of singleton bean 'meetAttendDAO'
DEBUG main org.springframework.beans.factory.support.DefaultListableBeanFactory - Returning cached instance of singleton bean 'meetAudioDAO'
DEBUG main org.springframework.beans.factory.support.DefaultListableBeanFactory - Returning cached instance of singleton bean 'meetDAO'
DEBUG main org.springframework.beans.factory.support.DefaultListableBeanFactory - Returning cached instance of singleton bean 'meetExamDAO'
DEBUG main org.springframework.beans.factory.support.DefaultListableBeanFactory - Returning cached instance of singleton bean 'meetFavoriteDAO'
DEBUG main org.springframework.beans.factory.support.DefaultListableBeanFactory - Returning cached instance of singleton bean 'meetFolderDAO'
DEBUG main org.springframework.beans.factory.support.DefaultListableBeanFactory - Returning cached instance of singleton bean 'meetFolderDetailDAO'
DEBUG main org.springframework.beans.factory.support.DefaultListableBeanFactory - Returning cached instance of singleton bean 'meetLearningRecordDAO'
DEBUG main org.springframework.beans.factory.support.DefaultListableBeanFactory - Returning cached instance of singleton bean 'meetLecturerDAO'
DEBUG main org.springframework.beans.factory.support.DefaultListableBeanFactory - Returning cached instance of singleton bean 'meetMaterialDAO'
DEBUG main org.springframework.beans.factory.support.DefaultListableBeanFactory - Returning cached instance of singleton bean 'meetMemberDAO'
DEBUG main org.springframework.beans.factory.support.DefaultListableBeanFactory - Returning cached instance of singleton bean 'meetMessageDAO'
DEBUG main org.springframework.beans.factory.support.DefaultListableBeanFactory - Returning cached instance of singleton bean 'meetModuleDAO'
DEBUG main org.springframework.beans.factory.support.DefaultListableBeanFactory - Returning cached instance of singleton bean 'meetNotifyDAO'
DEBUG main org.springframework.beans.factory.support.DefaultListableBeanFactory - Returning cached instance of singleton bean 'meetPositionDAO'
DEBUG main org.springframework.beans.factory.support.DefaultListableBeanFactory - Returning cached instance of singleton bean 'meetPropertyDAO'
DEBUG main org.springframework.beans.factory.support.DefaultListableBeanFactory - Returning cached instance of singleton bean 'meetRewardHistoryDAO'
DEBUG main org.springframework.beans.factory.support.DefaultListableBeanFactory - Returning cached instance of singleton bean 'meetSettingDAO'
DEBUG main org.springframework.beans.factory.support.DefaultListableBeanFactory - Returning cached instance of singleton bean 'meetSignDAO'
DEBUG main org.springframework.beans.factory.support.DefaultListableBeanFactory - Returning cached instance of singleton bean 'meetSurveyDAO'
DEBUG main org.springframework.beans.factory.support.DefaultListableBeanFactory - Returning cached instance of singleton bean 'meetTuijianDAO'
DEBUG main org.springframework.beans.factory.support.DefaultListableBeanFactory - Returning cached instance of singleton bean 'meetVideoDAO'
DEBUG main org.springframework.beans.factory.support.DefaultListableBeanFactory - Returning cached instance of singleton bean 'surveyHistoryDAO'
DEBUG main org.springframework.beans.factory.support.DefaultListableBeanFactory - Returning cached instance of singleton bean 'surveyHistoryItemDAO'
DEBUG main org.springframework.beans.factory.support.DefaultListableBeanFactory - Returning cached instance of singleton bean 'surveyPaperDAO'
DEBUG main org.springframework.beans.factory.support.DefaultListableBeanFactory - Returning cached instance of singleton bean 'surveyQuestionDAO'
DEBUG main org.springframework.beans.factory.support.DefaultListableBeanFactory - Returning cached instance of singleton bean 'videoCourseDAO'
DEBUG main org.springframework.beans.factory.support.DefaultListableBeanFactory - Returning cached instance of singleton bean 'videoCourseDetailDAO'
DEBUG main org.springframework.beans.factory.support.DefaultListableBeanFactory - Returning cached instance of singleton bean 'videoHistoryDAO'
DEBUG main org.springframework.beans.factory.support.DefaultListableBeanFactory - Returning cached instance of singleton bean 'articleCategoryDAO'
DEBUG main org.springframework.beans.factory.support.DefaultListableBeanFactory - Returning cached instance of singleton bean 'articleDAO'
DEBUG main org.springframework.beans.factory.support.DefaultListableBeanFactory - Returning cached instance of singleton bean 'newsDAO'
DEBUG main org.springframework.beans.factory.support.DefaultListableBeanFactory - Returning cached instance of singleton bean 'categoryDAO'
DEBUG main org.springframework.beans.factory.support.DefaultListableBeanFactory - Returning cached instance of singleton bean 'dataFavoriteDAO'
DEBUG main org.springframework.beans.factory.support.DefaultListableBeanFactory - Returning cached instance of singleton bean 'dataFileDAO'
DEBUG main org.springframework.beans.factory.support.DefaultListableBeanFactory - Returning cached instance of singleton bean 'dataFileDetailDAO'
DEBUG main org.springframework.beans.factory.support.DefaultListableBeanFactory - Returning cached instance of singleton bean 'WXMenuDAO'
DEBUG main org.springframework.beans.factory.support.DefaultListableBeanFactory - Returning cached instance of singleton bean 'WXUserInfoDAO'
DEBUG main org.springframework.beans.factory.support.DefaultListableBeanFactory - Returning cached instance of singleton bean 'org.springframework.context.event.internalEventListenerFactory'
DEBUG main org.springframework.context.support.GenericApplicationContext - Unable to locate LifecycleProcessor with name 'lifecycleProcessor': using default [org.springframework.context.support.DefaultLifecycleProcessor@5471eca8]
DEBUG main org.springframework.beans.factory.support.DefaultListableBeanFactory - Returning cached instance of singleton bean 'lifecycleProcessor'
DEBUG main org.springframework.beans.factory.support.DefaultListableBeanFactory - Returning cached instance of singleton bean 'sqlSessionFactory'
DEBUG main org.springframework.core.env.PropertySourcesPropertyResolver - Could not find key 'spring.liveBeansView.mbeanDomain' in any property source
DEBUG main org.springframework.test.context.cache.DefaultCacheAwareContextLoaderDelegate - Storing ApplicationContext in cache under key [[MergedContextConfiguration@309a5663 testClass = MeetStasticTest, locations = '{classpath*:spring-context-*.xml}', classes = '{}', contextInitializerClasses = '[]', activeProfiles = '{}', propertySourceLocations = '{}', propertySourceProperties = '{}', contextCustomizers = set[[empty]], contextLoader = 'org.springframework.test.context.support.DelegatingSmartContextLoader', parent = [null]]]
DEBUG main org.springframework.test.context.cache - Spring test ApplicationContext cache statistics: [DefaultContextCache@1b0a9662 size = 1, maxSize = 32, parentContextCount = 0, hitCount = 0, missCount = 1]
DEBUG main org.springframework.beans.factory.annotation.InjectionMetadata - Processing injected element of bean 'MeetStasticTest': AutowiredFieldElement for private cn.medcn.meet.service.MeetStasticService MeetStasticTest.meetStasticService
DEBUG main org.springframework.beans.factory.support.DefaultListableBeanFactory - Returning cached instance of singleton bean 'meetStasticServiceImpl'
DEBUG main org.springframework.beans.factory.annotation.AutowiredAnnotationBeanPostProcessor - Autowiring by type from bean name 'MeetStasticTest' to bean named 'meetStasticServiceImpl'
DEBUG main org.springframework.beans.factory.support.DefaultListableBeanFactory - Returning cached instance of singleton bean 'org.springframework.aop.support.DefaultBeanFactoryPointcutAdvisor#0'
DEBUG main org.springframework.beans.factory.support.DefaultListableBeanFactory - Returning cached instance of singleton bean 'org.springframework.cache.config.internalCacheAdvisor'
DEBUG main org.springframework.beans.factory.support.DefaultListableBeanFactory - Returning cached instance of singleton bean 'org.springframework.aop.support.DefaultBeanFactoryPointcutAdvisor#0'
DEBUG main org.springframework.beans.factory.support.DefaultListableBeanFactory - Returning cached instance of singleton bean 'org.springframework.cache.config.internalCacheAdvisor'
DEBUG main org.springframework.test.context.support.AbstractDirtiesContextTestExecutionListener - Before test method: context [DefaultTestContext@121157c9 testClass = MeetStasticTest, testInstance = MeetStasticTest@656e1fa, testMethod = testPercent@MeetStasticTest, testException = [null], mergedContextConfiguration = [MergedContextConfiguration@309a5663 testClass = MeetStasticTest, locations = '{classpath*:spring-context-*.xml}', classes = '{}', contextInitializerClasses = '[]', activeProfiles = '{}', propertySourceLocations = '{}', propertySourceProperties = '{}', contextCustomizers = set[[empty]], contextLoader = 'org.springframework.test.context.support.DelegatingSmartContextLoader', parent = [null]]], class annotated with @DirtiesContext [false] with mode [null], method annotated with @DirtiesContext [false] with mode [null].
DEBUG main org.springframework.test.context.support.AbstractDirtiesContextTestExecutionListener - After test method: context [DefaultTestContext@121157c9 testClass = MeetStasticTest, testInstance = MeetStasticTest@656e1fa, testMethod = testPercent@MeetStasticTest, testException = [null], mergedContextConfiguration = [MergedContextConfiguration@309a5663 testClass = MeetStasticTest, locations = '{classpath*:spring-context-*.xml}', classes = '{}', contextInitializerClasses = '[]', activeProfiles = '{}', propertySourceLocations = '{}', propertySourceProperties = '{}', contextCustomizers = set[[empty]], contextLoader = 'org.springframework.test.context.support.DelegatingSmartContextLoader', parent = [null]]], class annotated with @DirtiesContext [false] with mode [null], method annotated with @DirtiesContext [false] with mode [null].
DEBUG main org.springframework.test.context.support.AbstractDirtiesContextTestExecutionListener - After test class: context [DefaultTestContext@121157c9 testClass = MeetStasticTest, testInstance = [null], testMethod = [null], testException = [null], mergedContextConfiguration = [MergedContextConfiguration@309a5663 testClass = MeetStasticTest, locations = '{classpath*:spring-context-*.xml}', classes = '{}', contextInitializerClasses = '[]', activeProfiles = '{}', propertySourceLocations = '{}', propertySourceProperties = '{}', contextCustomizers = set[[empty]], contextLoader = 'org.springframework.test.context.support.DelegatingSmartContextLoader', parent = [null]]], class annotated with @DirtiesContext [false] with mode [null].
INFO Thread-3 org.springframework.context.support.GenericApplicationContext - Closing org.springframework.context.support.GenericApplicationContext@738d6fb7: startup date [Wed Aug 23 15:57:32 CST 2017]; root of context hierarchy
DEBUG Thread-3 org.springframework.beans.factory.support.DefaultListableBeanFactory - Returning cached instance of singleton bean 'sqlSessionFactory'
DEBUG Thread-3 org.springframework.beans.factory.support.DefaultListableBeanFactory - Returning cached instance of singleton bean 'lifecycleProcessor'
DEBUG Thread-3 org.springframework.beans.factory.support.DefaultListableBeanFactory - Destroying singletons in org.springframework.beans.factory.support.DefaultListableBeanFactory@6a76000a: defining beans [systemUserRealm,shiroCacheManager,sessionManager,securityManager,sessionIdGenerator,sessionDAO,sessionIdCookie,rememberMeManager,rememberMeCookie,formAuthenticationFilter,shiroFilter,logoutFilter,lifecycleBeanPostProcessor,org.springframework.context.support.PropertySourcesPlaceholderConfigurer#0,emailHelper,baiduApiServiceImpl,fileUploadServiceImpl,JPushServiceImpl,JSmsServiceImpl,openOfficeServiceImpl,redisCacheUtils,springUtils,activeCodeServiceImpl,advertServiceImpl,appMenuServiceImpl,appUserServiceImpl,appVersionServiceImpl,doctorServiceImpl,hospitalServiceImpl,logServiceImpl,rechargeOrderServiceImpl,userStasticServiceImpl,creditsServiceImpl,shopServiceImpl,sysMenuServiceImpl,systemPropertiesImpl,systemRegionServiceImpl,systemRoleServiceImpl,systemUserServiceImpl,audioServiceImpl,examServiceImpl,jpushMessageServiceImpl,meetFloderServiceImpl,meetMaterialServiceImpl,meetMessageServiceImpl,meetNotifyServiceImpl,meetServiceImpl,meetStasticServiceImpl,signServiceImpl,surveyServiceImpl,videoServiceImpl,articleServiceImpl,newsService,articleSearchServiceImpl,dataFileSearchServiceImpl,entitySearchService,categoryServiceImpl,dataFavoriteServiceImpl,dataFileServiceImpl,WXMenuServiceImpl,WXMessageServiceImpl,WXOauthServiceImpl,WXTokenServiceImpl,WXUrlServiceImpl,WXUserInfoServiceImpl,org.springframework.context.annotation.internalConfigurationAnnotationProcessor,org.springframework.context.annotation.internalAutowiredAnnotationProcessor,org.springframework.context.annotation.internalRequiredAnnotationProcessor,org.springframework.context.annotation.internalCommonAnnotationProcessor,org.springframework.context.event.internalEventListenerProcessor,org.springframework.context.event.internalEventListenerFactory,dataSource,sqlSessionFactory,org.mybatis.spring.mapper.MapperScannerConfigurer#0,mailSender,transactionManager,txAdvice,org.springframework.aop.config.internalAutoProxyCreator,services,org.springframework.aop.support.DefaultBeanFactoryPointcutAdvisor#0,org.springframework.cache.annotation.AnnotationCacheOperationSource#0,org.springframework.cache.interceptor.CacheInterceptor#0,org.springframework.cache.config.internalCacheAdvisor,jedisPoolConfig,jedisConnectionFactory,redisTemplate,redisValueSerializer,cacheManager,messageSource,localeResolver,baseDAO,activeCodeDAO,activeStoreDAO,advertDAO,appAttentionDAO,appDoctorDAO,appLogDAO,appMenuDAO,appRoleDAO,appRoleMenuDAO,appUnitDAO,appUserDAO,appUserRoleDAO,appVersionDAO,bannerDAO,departmentDAO,groupDAO,hospitalDAO,materialDAO,pubUserDocGroupDAO,rechargeOrderDAO,creditsDAO,goodsDAO,orderDAO,tradeDetailDAO,sysMenuDAO,sysPropertiesDAO,systemRegionDAO,systemRoleDAO,systemRoleMenuDAO,systemUserDAO,audioCourseDAO,audioCourseDetailDAO,audioHistoryDAO,examHistoryDAO,examHistoryItemDAO,examPaperDAO,examPaperQuestionDAO,examQuestionDAO,jpushMessageDAO,jpushMessageHistoryDAO,meetAttendDAO,meetAudioDAO,meetDAO,meetExamDAO,meetFavoriteDAO,meetFolderDAO,meetFolderDetailDAO,meetLearningRecordDAO,meetLecturerDAO,meetMaterialDAO,meetMemberDAO,meetMessageDAO,meetModuleDAO,meetNotifyDAO,meetPositionDAO,meetPropertyDAO,meetRewardHistoryDAO,meetSettingDAO,meetSignDAO,meetSurveyDAO,meetTuijianDAO,meetVideoDAO,surveyHistoryDAO,surveyHistoryItemDAO,surveyPaperDAO,surveyQuestionDAO,videoCourseDAO,videoCourseDetailDAO,videoHistoryDAO,articleCategoryDAO,articleDAO,newsDAO,categoryDAO,dataFavoriteDAO,dataFileDAO,dataFileDetailDAO,WXMenuDAO,WXUserInfoDAO]; root of factory hierarchy
DEBUG Thread-3 org.springframework.beans.factory.support.DefaultListableBeanFactory - Retrieved dependent beans for bean 'meetStasticServiceImpl': [MeetStasticTest]
DEBUG Thread-3 org.springframework.beans.factory.support.DefaultListableBeanFactory - Retrieved dependent beans for bean 'WXTokenServiceImpl': [WXTokenServiceImpl]
DEBUG Thread-3 org.springframework.beans.factory.support.DefaultListableBeanFactory - Retrieved dependent beans for bean 'cn.medcn.common.cache.RedisCache#2ddf0c3': [cacheManager]
DEBUG Thread-3 org.springframework.beans.factory.support.DefaultListableBeanFactory - Retrieved dependent beans for bean 'org.springframework.data.redis.serializer.StringRedisSerializer#6d5edea8': [redisTemplate]
DEBUG Thread-3 org.springframework.beans.factory.support.DisposableBeanAdapter - Invoking destroy() on bean with name 'jedisConnectionFactory'
DEBUG Thread-3 org.apache.shiro.spring.LifecycleBeanPostProcessor - Destroying bean [securityManager]...
DEBUG Thread-3 org.apache.shiro.spring.LifecycleBeanPostProcessor - Destroying bean [sessionManager]...
DEBUG Thread-3 org.apache.shiro.spring.LifecycleBeanPostProcessor - Destroying bean [shiroCacheManager]...
DEBUG Thread-3 org.springframework.beans.factory.support.DefaultListableBeanFactory - Retrieved dependent beans for bean '(inner bean)#c76948f': [txAdvice]
DEBUG Thread-3 org.springframework.beans.factory.support.DisposableBeanAdapter - Invoking destroy method 'close' on bean with name 'dataSource'
